# JRE version: Java(TM) SE Runtime Environment (8.0_391) (build 1.8.0_391-b13)
# Java VM: Java HotSpot(TM) 64-Bit Server VM (25.391-b13 mixed mode windows-amd64 compressed oops)
Heap:
 PSYoungGen      total 48128K, used 45851K [0x0000000719f00000, 0x0000000720900000, 0x00000007c0000000)
  eden space 47616K, 96% used [0x0000000719f00000,0x000000071cba6c20,0x000000071cd80000)
  from space 512K, 25% used [0x0000000720880000,0x00000007208a0000,0x0000000720900000)
  to   space 512K, 0% used [0x0000000720800000,0x0000000720800000,0x0000000720880000)
 ParOldGen       total 341504K, used 1972K [0x00000005cdc00000, 0x00000005e2980000, 0x0000000719f00000)
  object space 341504K, 0% used [0x00000005cdc00000,0x00000005cdded150,0x00000005e2980000)
 Metaspace       used 8533K, capacity 8758K, committed 8832K, reserved 1056768K
  class space    used 764K, capacity 868K, committed 896K, reserved 1048576K
GC Heap History (10 events):
Event: 835.537 GC heap before
{Heap before GC invocations=70 (full 0):
 PSYoungGen      total 50688K, used 50336K [0x0000000719f00000, 0x0000000720900000, 0x00000007c0000000)
  eden space 50176K, 100% used [0x0000000719f00000,0x000000071d000000,0x000000071d000000)
  from space 512K, 31% used [0x0000000720800000,0x0000000720828000,0x0000000720880000)
  to   space 512K, 0% used [0x0000000720880000,0x0000000720880000,0x0000000720900000)
 ParOldGen       total 341504K, used 1972K [0x00000005cdc00000, 0x00000005e2980000, 0x0000000719f00000)
  object space 341504K, 0% used [0x00000005cdc00000,0x00000005cdded150,0x00000005e2980000)
 Metaspace       used 8530K, capacity 8758K, committed 8832K, reserved 1056768K
  class space    used 763K, capacity 868K, committed 896K, reserved 1048576K
Event: 835.538 GC heap after
Heap after GC invocations=70 (full 0):
 PSYoungGen      total 50176K, used 128K [0x0000000719f00000, 0x0000000720900000, 0x00000007c0000000)
  eden space 49664K, 0% used [0x0000000719f00000,0x0000000719f00000,0x000000071cf80000)
  from space 512K, 25% used [0x0000000720880000,0x00000007208a0000,0x0000000720900000)
  to   space 512K, 0% used [0x0000000720800000,0x0000000720800000,0x0000000720880000)
 ParOldGen       total 341504K, used 1972K [0x00000005cdc00000, 0x00000005e2980000, 0x0000000719f00000)
  object space 341504K, 0% used [0x00000005cdc00000,0x00000005cdded150,0x00000005e2980000)
 Metaspace       used 8530K, capacity 8758K, committed 8832K, reserved 1056768K
  class space    used 763K, capacity 868K, committed 896K, reserved 1048576K
}
Event: 842.916 GC heap before
{Heap before GC invocations=71 (full 0):
 PSYoungGen      total 50176K, used 49792K [0x0000000719f00000, 0x0000000720900000, 0x00000007c0000000)
  eden space 49664K, 100% used [0x0000000719f00000,0x000000071cf80000,0x000000071cf80000)
  from space 512K, 25% used [0x0000000720880000,0x00000007208a0000,0x0000000720900000)
  to   space 512K, 0% used [0x0000000720800000,0x0000000720800000,0x0000000720880000)
 ParOldGen       total 341504K, used 1972K [0x00000005cdc00000, 0x00000005e2980000, 0x0000000719f00000)
  object space 341504K, 0% used [0x00000005cdc00000,0x00000005cdded150,0x00000005e2980000)
 Metaspace       used 8530K, capacity 8758K, committed 8832K, reserved 1056768K
  class space    used 763K, capacity 868K, committed 896K, reserved 1048576K
Event: 842.917 GC heap after
Heap after GC invocations=71 (full 0):
 PSYoungGen      total 49664K, used 160K [0x0000000719f00000, 0x0000000720900000, 0x00000007c0000000)
  eden space 49152K, 0% used [0x0000000719f00000,0x0000000719f00000,0x000000071cf00000)
  from space 512K, 31% used [0x0000000720800000,0x0000000720828000,0x0000000720880000)
  to   space 512K, 0% used [0x0000000720880000,0x0000000720880000,0x0000000720900000)
 ParOldGen       total 341504K, used 1972K [0x00000005cdc00000, 0x00000005e2980000, 0x0000000719f00000)
  object space 341504K, 0% used [0x00000005cdc00000,0x00000005cdded150,0x00000005e2980000)
 Metaspace       used 8530K, capacity 8758K, committed 8832K, reserved 1056768K
  class space    used 763K, capacity 868K, committed 896K, reserved 1048576K
}
Event: 850.212 GC heap before
{Heap before GC invocations=72 (full 0):
 PSYoungGen      total 49664K, used 49312K [0x0000000719f00000, 0x0000000720900000, 0x00000007c0000000)
  eden space 49152K, 100% used [0x0000000719f00000,0x000000071cf00000,0x000000071cf00000)
  from space 512K, 31% used [0x0000000720800000,0x0000000720828000,0x0000000720880000)
  to   space 512K, 0% used [0x0000000720880000,0x0000000720880000,0x0000000720900000)
 ParOldGen       total 341504K, used 1972K [0x00000005cdc00000, 0x00000005e2980000, 0x0000000719f00000)
  object space 341504K, 0% used [0x00000005cdc00000,0x00000005cdded150,0x00000005e2980000)
 Metaspace       used 8530K, capacity 8758K, committed 8832K, reserved 1056768K
  class space    used 763K, capacity 868K, committed 896K, reserved 1048576K
Event: 850.212 GC heap after
Heap after GC invocations=72 (full 0):
 PSYoungGen      total 49152K, used 192K [0x0000000719f00000, 0x0000000720900000, 0x00000007c0000000)
  eden space 48640K, 0% used [0x0000000719f00000,0x0000000719f00000,0x000000071ce80000)
  from space 512K, 37% used [0x0000000720880000,0x00000007208b0000,0x0000000720900000)
  to   space 512K, 0% used [0x0000000720800000,0x0000000720800000,0x0000000720880000)
 ParOldGen       total 341504K, used 1972K [0x00000005cdc00000, 0x00000005e2980000, 0x0000000719f00000)
  object space 341504K, 0% used [0x00000005cdc00000,0x00000005cdded150,0x00000005e2980000)
 Metaspace       used 8530K, capacity 8758K, committed 8832K, reserved 1056768K
  class space    used 763K, capacity 868K, committed 896K, reserved 1048576K
}
Event: 857.435 GC heap before
{Heap before GC invocations=73 (full 0):
 PSYoungGen      total 49152K, used 48832K [0x0000000719f00000, 0x0000000720900000, 0x00000007c0000000)
  eden space 48640K, 100% used [0x0000000719f00000,0x000000071ce80000,0x000000071ce80000)
  from space 512K, 37% used [0x0000000720880000,0x00000007208b0000,0x0000000720900000)
  to   space 512K, 0% used [0x0000000720800000,0x0000000720800000,0x0000000720880000)
 ParOldGen       total 341504K, used 1972K [0x00000005cdc00000, 0x00000005e2980000, 0x0000000719f00000)
  object space 341504K, 0% used [0x00000005cdc00000,0x00000005cdded150,0x00000005e2980000)
 Metaspace       used 8530K, capacity 8758K, committed 8832K, reserved 1056768K
  class space    used 763K, capacity 868K, committed 896K, reserved 1048576K
Event: 857.435 GC heap after
Heap after GC invocations=73 (full 0):
 PSYoungGen      total 48640K, used 128K [0x0000000719f00000, 0x0000000720900000, 0x00000007c0000000)
  eden space 48128K, 0% used [0x0000000719f00000,0x0000000719f00000,0x000000071ce00000)
  from space 512K, 25% used [0x0000000720800000,0x0000000720820000,0x0000000720880000)
  to   space 512K, 0% used [0x0000000720880000,0x0000000720880000,0x0000000720900000)
 ParOldGen       total 341504K, used 1972K [0x00000005cdc00000, 0x00000005e2980000, 0x0000000719f00000)
  object space 341504K, 0% used [0x00000005cdc00000,0x00000005cdded150,0x00000005e2980000)
 Metaspace       used 8530K, capacity 8758K, committed 8832K, reserved 1056768K
  class space    used 763K, capacity 868K, committed 896K, reserved 1048576K
}
Event: 864.584 GC heap before
{Heap before GC invocations=74 (full 0):
 PSYoungGen      total 48640K, used 48256K [0x0000000719f00000, 0x0000000720900000, 0x00000007c0000000)
  eden space 48128K, 100% used [0x0000000719f00000,0x000000071ce00000,0x000000071ce00000)
  from space 512K, 25% used [0x0000000720800000,0x0000000720820000,0x0000000720880000)
  to   space 512K, 0% used [0x0000000720880000,0x0000000720880000,0x0000000720900000)
 ParOldGen       total 341504K, used 1972K [0x00000005cdc00000, 0x00000005e2980000, 0x0000000719f00000)
  object space 341504K, 0% used [0x00000005cdc00000,0x00000005cdded150,0x00000005e2980000)
 Metaspace       used 8530K, capacity 8758K, committed 8832K, reserved 1056768K
  class space    used 763K, capacity 868K, committed 896K, reserved 1048576K
Event: 864.585 GC heap after
Heap after GC invocations=74 (full 0):
 PSYoungGen      total 48128K, used 128K [0x0000000719f00000, 0x0000000720900000, 0x00000007c0000000)
  eden space 47616K, 0% used [0x0000000719f00000,0x0000000719f00000,0x000000071cd80000)
  from space 512K, 25% used [0x0000000720880000,0x00000007208a0000,0x0000000720900000)
  to   space 512K, 0% used [0x0000000720800000,0x0000000720800000,0x0000000720880000)
 ParOldGen       total 341504K, used 1972K [0x00000005cdc00000, 0x00000005e2980000, 0x0000000719f00000)
  object space 341504K, 0% used [0x00000005cdc00000,0x00000005cdded150,0x00000005e2980000)
 Metaspace       used 8530K, capacity 8758K, committed 8832K, reserved 1056768K
  class space    used 763K, capacity 868K, committed 896K, reserved 1048576K
}

