# JRE version: Java(TM) SE Runtime Environment (8.0_391) (build 1.8.0_391-b13)
# Java VM: Java HotSpot(TM) 64-Bit Server VM (25.391-b13 mixed mode windows-amd64 compressed oops)
Heap:
 PSYoungGen      total 149504K, used 67529K [0x0000000719f00000, 0x0000000724580000, 0x00000007c0000000)
  eden space 128512K, 50% used [0x0000000719f00000,0x000000071def6500,0x0000000721c80000)
  from space 20992K, 9% used [0x0000000723100000,0x00000007232fc010,0x0000000724580000)
  to   space 20992K, 0% used [0x0000000721c80000,0x0000000721c80000,0x0000000723100000)
 ParOldGen       total 341504K, used 32K [0x00000005cdc00000, 0x00000005e2980000, 0x0000000719f00000)
  object space 341504K, 0% used [0x00000005cdc00000,0x00000005cdc08000,0x00000005e2980000)
 Metaspace       used 8546K, capacity 8762K, committed 8832K, reserved 1056768K
  class space    used 764K, capacity 868K, committed 896K, reserved 1048576K
GC Heap History (8 events):
Event: 19.062 GC heap before
{Heap before GC invocations=1 (full 0):
 PSYoungGen      total 149504K, used 128512K [0x0000000719f00000, 0x0000000724580000, 0x00000007c0000000)
  eden space 128512K, 100% used [0x0000000719f00000,0x0000000721c80000,0x0000000721c80000)
  from space 20992K, 0% used [0x0000000723100000,0x0000000723100000,0x0000000724580000)
  to   space 20992K, 0% used [0x0000000721c80000,0x0000000721c80000,0x0000000723100000)
 ParOldGen       total 341504K, used 0K [0x00000005cdc00000, 0x00000005e2980000, 0x0000000719f00000)
  object space 341504K, 0% used [0x00000005cdc00000,0x00000005cdc00000,0x00000005e2980000)
 Metaspace       used 8523K, capacity 8758K, committed 8832K, reserved 1056768K
  class space    used 763K, capacity 868K, committed 896K, reserved 1048576K
Event: 19.065 GC heap after
Heap after GC invocations=1 (full 0):
 PSYoungGen      total 149504K, used 3233K [0x0000000719f00000, 0x0000000724580000, 0x00000007c0000000)
  eden space 128512K, 0% used [0x0000000719f00000,0x0000000719f00000,0x0000000721c80000)
  from space 20992K, 15% used [0x0000000721c80000,0x0000000721fa8730,0x0000000723100000)
  to   space 20992K, 0% used [0x0000000723100000,0x0000000723100000,0x0000000724580000)
 ParOldGen       total 341504K, used 16K [0x00000005cdc00000, 0x00000005e2980000, 0x0000000719f00000)
  object space 341504K, 0% used [0x00000005cdc00000,0x00000005cdc04000,0x00000005e2980000)
 Metaspace       used 8523K, capacity 8758K, committed 8832K, reserved 1056768K
  class space    used 763K, capacity 868K, committed 896K, reserved 1048576K
}
Event: 38.834 GC heap before
{Heap before GC invocations=2 (full 0):
 PSYoungGen      total 149504K, used 131745K [0x0000000719f00000, 0x0000000724580000, 0x00000007c0000000)
  eden space 128512K, 100% used [0x0000000719f00000,0x0000000721c80000,0x0000000721c80000)
  from space 20992K, 15% used [0x0000000721c80000,0x0000000721fa8730,0x0000000723100000)
  to   space 20992K, 0% used [0x0000000723100000,0x0000000723100000,0x0000000724580000)
 ParOldGen       total 341504K, used 16K [0x00000005cdc00000, 0x00000005e2980000, 0x0000000719f00000)
  object space 341504K, 0% used [0x00000005cdc00000,0x00000005cdc04000,0x00000005e2980000)
 Metaspace       used 8534K, capacity 8758K, committed 8832K, reserved 1056768K
  class space    used 763K, capacity 868K, committed 896K, reserved 1048576K
Event: 38.836 GC heap after
Heap after GC invocations=2 (full 0):
 PSYoungGen      total 149504K, used 2176K [0x0000000719f00000, 0x0000000724580000, 0x00000007c0000000)
  eden space 128512K, 0% used [0x0000000719f00000,0x0000000719f00000,0x0000000721c80000)
  from space 20992K, 10% used [0x0000000723100000,0x0000000723320000,0x0000000724580000)
  to   space 20992K, 0% used [0x0000000721c80000,0x0000000721c80000,0x0000000723100000)
 ParOldGen       total 341504K, used 24K [0x00000005cdc00000, 0x00000005e2980000, 0x0000000719f00000)
  object space 341504K, 0% used [0x00000005cdc00000,0x00000005cdc06000,0x00000005e2980000)
 Metaspace       used 8534K, capacity 8758K, committed 8832K, reserved 1056768K
  class space    used 763K, capacity 868K, committed 896K, reserved 1048576K
}
Event: 57.307 GC heap before
{Heap before GC invocations=3 (full 0):
 PSYoungGen      total 149504K, used 130688K [0x0000000719f00000, 0x0000000724580000, 0x00000007c0000000)
  eden space 128512K, 100% used [0x0000000719f00000,0x0000000721c80000,0x0000000721c80000)
  from space 20992K, 10% used [0x0000000723100000,0x0000000723320000,0x0000000724580000)
  to   space 20992K, 0% used [0x0000000721c80000,0x0000000721c80000,0x0000000723100000)
 ParOldGen       total 341504K, used 24K [0x00000005cdc00000, 0x00000005e2980000, 0x0000000719f00000)
  object space 341504K, 0% used [0x00000005cdc00000,0x00000005cdc06000,0x00000005e2980000)
 Metaspace       used 8535K, capacity 8758K, committed 8832K, reserved 1056768K
  class space    used 763K, capacity 868K, committed 896K, reserved 1048576K
Event: 57.309 GC heap after
Heap after GC invocations=3 (full 0):
 PSYoungGen      total 149504K, used 2064K [0x0000000719f00000, 0x0000000724580000, 0x00000007c0000000)
  eden space 128512K, 0% used [0x0000000719f00000,0x0000000719f00000,0x0000000721c80000)
  from space 20992K, 9% used [0x0000000721c80000,0x0000000721e84010,0x0000000723100000)
  to   space 20992K, 0% used [0x0000000723100000,0x0000000723100000,0x0000000724580000)
 ParOldGen       total 341504K, used 32K [0x00000005cdc00000, 0x00000005e2980000, 0x0000000719f00000)
  object space 341504K, 0% used [0x00000005cdc00000,0x00000005cdc08000,0x00000005e2980000)
 Metaspace       used 8535K, capacity 8758K, committed 8832K, reserved 1056768K
  class space    used 763K, capacity 868K, committed 896K, reserved 1048576K
}
Event: 73.144 GC heap before
{Heap before GC invocations=4 (full 0):
 PSYoungGen      total 149504K, used 130576K [0x0000000719f00000, 0x0000000724580000, 0x00000007c0000000)
  eden space 128512K, 100% used [0x0000000719f00000,0x0000000721c80000,0x0000000721c80000)
  from space 20992K, 9% used [0x0000000721c80000,0x0000000721e84010,0x0000000723100000)
  to   space 20992K, 0% used [0x0000000723100000,0x0000000723100000,0x0000000724580000)
 ParOldGen       total 341504K, used 32K [0x00000005cdc00000, 0x00000005e2980000, 0x0000000719f00000)
  object space 341504K, 0% used [0x00000005cdc00000,0x00000005cdc08000,0x00000005e2980000)
 Metaspace       used 8542K, capacity 8762K, committed 8832K, reserved 1056768K
  class space    used 763K, capacity 868K, committed 896K, reserved 1048576K
Event: 73.146 GC heap after
Heap after GC invocations=4 (full 0):
 PSYoungGen      total 149504K, used 2032K [0x0000000719f00000, 0x0000000724580000, 0x00000007c0000000)
  eden space 128512K, 0% used [0x0000000719f00000,0x0000000719f00000,0x0000000721c80000)
  from space 20992K, 9% used [0x0000000723100000,0x00000007232fc010,0x0000000724580000)
  to   space 20992K, 0% used [0x0000000721c80000,0x0000000721c80000,0x0000000723100000)
 ParOldGen       total 341504K, used 32K [0x00000005cdc00000, 0x00000005e2980000, 0x0000000719f00000)
  object space 341504K, 0% used [0x00000005cdc00000,0x00000005cdc08000,0x00000005e2980000)
 Metaspace       used 8542K, capacity 8762K, committed 8832K, reserved 1056768K
  class space    used 763K, capacity 868K, committed 896K, reserved 1048576K
}

