# JRE version: Java(TM) SE Runtime Environment (8.0_391) (build 1.8.0_391-b13)
# Java VM: Java HotSpot(TM) 64-Bit Server VM (25.391-b13 mixed mode windows-amd64 compressed oops)
Heap:
 PSYoungGen      total 120832K, used 10175K [0x0000000719f00000, 0x0000000722e80000, 0x00000007c0000000)
  eden space 119808K, 7% used [0x0000000719f00000,0x000000071a84fde0,0x0000000721400000)
  from space 1024K, 62% used [0x0000000722980000,0x0000000722a20000,0x0000000722a80000)
  to   space 4096K, 0% used [0x0000000722a80000,0x0000000722a80000,0x0000000722e80000)
 ParOldGen       total 341504K, used 1756K [0x00000005cdc00000, 0x00000005e2980000, 0x0000000719f00000)
  object space 341504K, 0% used [0x00000005cdc00000,0x00000005cddb7130,0x00000005e2980000)
 Metaspace       used 8530K, capacity 8758K, committed 8832K, reserved 1056768K
  class space    used 763K, capacity 868K, committed 896K, reserved 1048576K
GC Heap History (10 events):
Event: 43.204 GC heap before
{Heap before GC invocations=3 (full 0):
 PSYoungGen      total 149504K, used 130881K [0x0000000719f00000, 0x0000000724580000, 0x00000007c0000000)
  eden space 128512K, 100% used [0x0000000719f00000,0x0000000721c80000,0x0000000721c80000)
  from space 20992K, 11% used [0x0000000723100000,0x0000000723350760,0x0000000724580000)
  to   space 20992K, 0% used [0x0000000721c80000,0x0000000721c80000,0x0000000723100000)
 ParOldGen       total 341504K, used 24K [0x00000005cdc00000, 0x00000005e2980000, 0x0000000719f00000)
  object space 341504K, 0% used [0x00000005cdc00000,0x00000005cdc06000,0x00000005e2980000)
 Metaspace       used 8527K, capacity 8758K, committed 8832K, reserved 1056768K
  class space    used 762K, capacity 868K, committed 896K, reserved 1048576K
Event: 43.205 GC heap after
Heap after GC invocations=3 (full 0):
 PSYoungGen      total 149504K, used 2240K [0x0000000719f00000, 0x0000000724580000, 0x00000007c0000000)
  eden space 128512K, 0% used [0x0000000719f00000,0x0000000719f00000,0x0000000721c80000)
  from space 20992K, 10% used [0x0000000721c80000,0x0000000721eb0000,0x0000000723100000)
  to   space 20992K, 0% used [0x0000000723100000,0x0000000723100000,0x0000000724580000)
 ParOldGen       total 341504K, used 32K [0x00000005cdc00000, 0x00000005e2980000, 0x0000000719f00000)
  object space 341504K, 0% used [0x00000005cdc00000,0x00000005cdc08000,0x00000005e2980000)
 Metaspace       used 8527K, capacity 8758K, committed 8832K, reserved 1056768K
  class space    used 762K, capacity 868K, committed 896K, reserved 1048576K
}
Event: 62.233 GC heap before
{Heap before GC invocations=4 (full 0):
 PSYoungGen      total 149504K, used 130752K [0x0000000719f00000, 0x0000000724580000, 0x00000007c0000000)
  eden space 128512K, 100% used [0x0000000719f00000,0x0000000721c80000,0x0000000721c80000)
  from space 20992K, 10% used [0x0000000721c80000,0x0000000721eb0000,0x0000000723100000)
  to   space 20992K, 0% used [0x0000000723100000,0x0000000723100000,0x0000000724580000)
 ParOldGen       total 341504K, used 32K [0x00000005cdc00000, 0x00000005e2980000, 0x0000000719f00000)
  object space 341504K, 0% used [0x00000005cdc00000,0x00000005cdc08000,0x00000005e2980000)
 Metaspace       used 8527K, capacity 8758K, committed 8832K, reserved 1056768K
  class space    used 762K, capacity 868K, committed 896K, reserved 1048576K
Event: 62.235 GC heap after
Heap after GC invocations=4 (full 0):
 PSYoungGen      total 149504K, used 2193K [0x0000000719f00000, 0x0000000724580000, 0x00000007c0000000)
  eden space 128512K, 0% used [0x0000000719f00000,0x0000000719f00000,0x0000000721c80000)
  from space 20992K, 10% used [0x0000000723100000,0x0000000723324770,0x0000000724580000)
  to   space 20992K, 0% used [0x0000000721c80000,0x0000000721c80000,0x0000000723100000)
 ParOldGen       total 341504K, used 40K [0x00000005cdc00000, 0x00000005e2980000, 0x0000000719f00000)
  object space 341504K, 0% used [0x00000005cdc00000,0x00000005cdc0a000,0x00000005e2980000)
 Metaspace       used 8527K, capacity 8758K, committed 8832K, reserved 1056768K
  class space    used 762K, capacity 868K, committed 896K, reserved 1048576K
}
Event: 81.393 GC heap before
{Heap before GC invocations=5 (full 0):
 PSYoungGen      total 149504K, used 130705K [0x0000000719f00000, 0x0000000724580000, 0x00000007c0000000)
  eden space 128512K, 100% used [0x0000000719f00000,0x0000000721c80000,0x0000000721c80000)
  from space 20992K, 10% used [0x0000000723100000,0x0000000723324770,0x0000000724580000)
  to   space 20992K, 0% used [0x0000000721c80000,0x0000000721c80000,0x0000000723100000)
 ParOldGen       total 341504K, used 40K [0x00000005cdc00000, 0x00000005e2980000, 0x0000000719f00000)
  object space 341504K, 0% used [0x00000005cdc00000,0x00000005cdc0a000,0x00000005e2980000)
 Metaspace       used 8527K, capacity 8758K, committed 8832K, reserved 1056768K
  class space    used 762K, capacity 868K, committed 896K, reserved 1048576K
Event: 81.395 GC heap after
Heap after GC invocations=5 (full 0):
 PSYoungGen      total 128000K, used 2241K [0x0000000719f00000, 0x0000000723180000, 0x00000007c0000000)
  eden space 125440K, 0% used [0x0000000719f00000,0x0000000719f00000,0x0000000721980000)
  from space 2560K, 87% used [0x0000000721c80000,0x0000000721eb0760,0x0000000721f00000)
  to   space 3584K, 0% used [0x0000000722e00000,0x0000000722e00000,0x0000000723180000)
 ParOldGen       total 341504K, used 40K [0x00000005cdc00000, 0x00000005e2980000, 0x0000000719f00000)
  object space 341504K, 0% used [0x00000005cdc00000,0x00000005cdc0a000,0x00000005e2980000)
 Metaspace       used 8527K, capacity 8758K, committed 8832K, reserved 1056768K
  class space    used 762K, capacity 868K, committed 896K, reserved 1048576K
}
Event: 100.017 GC heap before
{Heap before GC invocations=6 (full 0):
 PSYoungGen      total 128000K, used 127681K [0x0000000719f00000, 0x0000000723180000, 0x00000007c0000000)
  eden space 125440K, 100% used [0x0000000719f00000,0x0000000721980000,0x0000000721980000)
  from space 2560K, 87% used [0x0000000721c80000,0x0000000721eb0760,0x0000000721f00000)
  to   space 3584K, 0% used [0x0000000722e00000,0x0000000722e00000,0x0000000723180000)
 ParOldGen       total 341504K, used 40K [0x00000005cdc00000, 0x00000005e2980000, 0x0000000719f00000)
  object space 341504K, 0% used [0x00000005cdc00000,0x00000005cdc0a000,0x00000005e2980000)
 Metaspace       used 8527K, capacity 8758K, committed 8832K, reserved 1056768K
  class space    used 762K, capacity 868K, committed 896K, reserved 1048576K
Event: 100.018 GC heap after
Heap after GC invocations=6 (full 0):
 PSYoungGen      total 124928K, used 2160K [0x0000000719f00000, 0x0000000723080000, 0x00000007c0000000)
  eden space 122368K, 0% used [0x0000000719f00000,0x0000000719f00000,0x0000000721680000)
  from space 2560K, 84% used [0x0000000722e00000,0x000000072301c010,0x0000000723080000)
  to   space 3584K, 0% used [0x0000000722980000,0x0000000722980000,0x0000000722d00000)
 ParOldGen       total 341504K, used 48K [0x00000005cdc00000, 0x00000005e2980000, 0x0000000719f00000)
  object space 341504K, 0% used [0x00000005cdc00000,0x00000005cdc0c000,0x00000005e2980000)
 Metaspace       used 8527K, capacity 8758K, committed 8832K, reserved 1056768K
  class space    used 762K, capacity 868K, committed 896K, reserved 1048576K
}
Event: 118.375 GC heap before
{Heap before GC invocations=7 (full 0):
 PSYoungGen      total 124928K, used 124528K [0x0000000719f00000, 0x0000000723080000, 0x00000007c0000000)
  eden space 122368K, 100% used [0x0000000719f00000,0x0000000721680000,0x0000000721680000)
  from space 2560K, 84% used [0x0000000722e00000,0x000000072301c010,0x0000000723080000)
  to   space 3584K, 0% used [0x0000000722980000,0x0000000722980000,0x0000000722d00000)
 ParOldGen       total 341504K, used 48K [0x00000005cdc00000, 0x00000005e2980000, 0x0000000719f00000)
  object space 341504K, 0% used [0x00000005cdc00000,0x00000005cdc0c000,0x00000005e2980000)
 Metaspace       used 8527K, capacity 8758K, committed 8832K, reserved 1056768K
  class space    used 762K, capacity 868K, committed 896K, reserved 1048576K
Event: 118.376 GC heap after
Heap after GC invocations=7 (full 0):
 PSYoungGen      total 120832K, used 640K [0x0000000719f00000, 0x0000000722e80000, 0x00000007c0000000)
  eden space 119808K, 0% used [0x0000000719f00000,0x0000000719f00000,0x0000000721400000)
  from space 1024K, 62% used [0x0000000722980000,0x0000000722a20000,0x0000000722a80000)
  to   space 4096K, 0% used [0x0000000722a80000,0x0000000722a80000,0x0000000722e80000)
 ParOldGen       total 341504K, used 1756K [0x00000005cdc00000, 0x00000005e2980000, 0x0000000719f00000)
  object space 341504K, 0% used [0x00000005cdc00000,0x00000005cddb7130,0x00000005e2980000)
 Metaspace       used 8527K, capacity 8758K, committed 8832K, reserved 1056768K
  class space    used 762K, capacity 868K, committed 896K, reserved 1048576K
}

